<?xml version="1.0" encoding="UTF-8"?>
<testng-results ignored="0" total="2" passed="2" failed="0" skipped="0">
  <reporter-output>
  </reporter-output>
  <suite started-at="2021-12-06T12:01:48 EST" name="Default suite" finished-at="2021-12-06T12:01:48 EST" duration-ms="77">
    <groups>
    </groups>
    <test started-at="2021-12-06T12:01:48 EST" name="Default test" finished-at="2021-12-06T12:01:48 EST" duration-ms="77">
      <class name="Class1">
        <test-method signature="Login1()[pri:0, instance:Class1@2fd1433e]" started-at="2021-12-06T12:01:48 EST" name="Login1" finished-at="2021-12-06T12:01:48 EST" duration-ms="13" status="PASS">
          <reporter-output>
          </reporter-output>
        </test-method> <!-- Login1 -->
        <test-method signature="Login2()[pri:0, instance:Class1@2fd1433e]" started-at="2021-12-06T12:01:48 EST" name="Login2" finished-at="2021-12-06T12:01:48 EST" duration-ms="1" status="PASS">
          <reporter-output>
          </reporter-output>
        </test-method> <!-- Login2 -->
      </class> <!-- Class1 -->
    </test> <!-- Default test -->
  </suite> <!-- Default suite -->
</testng-results>
